\BOOKMARK [0][-]{schapter.1}{\376\377\000A\000b\000s\000t\000r\000a\000c\000t}{}% 1
\BOOKMARK [0][-]{TOC.0}{\376\377\000T\000a\000b\000l\000e\000\040\000o\000f\000\040\000C\000o\000n\000t\000e\000n\000t\000s}{}% 2
\BOOKMARK [0][-]{schapter.2}{\376\377\000L\000i\000s\000t\000\040\000o\000f\000\040\000T\000a\000b\000l\000e\000s}{}% 3
\BOOKMARK [0][-]{schapter.3}{\376\377\000L\000i\000s\000t\000\040\000o\000f\000\040\000F\000i\000g\000u\000r\000e\000s}{}% 4
\BOOKMARK [0][-]{chapter.1}{\376\377\000I\000n\000t\000r\000o\000d\000u\000c\000t\000i\000o\000n}{}% 5
\BOOKMARK [1][-]{section.1.1}{\376\377\000P\000r\000o\000b\000l\000e\000m\000\040\000S\000t\000a\000t\000e\000m\000e\000n\000t\000\040\000a\000n\000d\000\040\000M\000o\000t\000i\000v\000a\000t\000i\000o\000n}{chapter.1}% 6
\BOOKMARK [0][-]{chapter.2}{\376\377\000O\000b\000j\000e\000c\000t\000i\000v\000e\000s}{}% 7
\BOOKMARK [1][-]{section.2.1}{\376\377\000O\000b\000j\000e\000c\000t\000i\000v\000e\000s}{chapter.2}% 8
\BOOKMARK [0][-]{chapter.3}{\376\377\000L\000i\000t\000e\000r\000a\000t\000u\000r\000e\000\040\000R\000e\000v\000i\000e\000w}{}% 9
\BOOKMARK [1][-]{section.3.1}{\376\377\000I\000n\000t\000r\000o\000d\000u\000c\000t\000i\000o\000n\000\040\000t\000o\000\040\000L\000i\000t\000e\000r\000a\000t\000u\000r\000e\000\040\000R\000e\000v\000i\000e\000w}{chapter.3}% 10
\BOOKMARK [1][-]{section.3.2}{\376\377\000R\000o\000a\000d\000\040\000D\000e\000t\000e\000c\000t\000i\000o\000n\000\040\000M\000e\000t\000h\000o\000d\000s\000\040\000O\000v\000e\000r\000v\000i\000e\000w}{chapter.3}% 11
\BOOKMARK [1][-]{section.3.3}{\376\377\000R\000o\000a\000d\000\040\000D\000e\000t\000e\000c\000t\000i\000o\000n\000\040\000U\000s\000i\000n\000g\000\040\000T\000e\000r\000r\000a\000i\000n\000\040\000C\000l\000a\000s\000s\000i\000f\000i\000c\000a\000t\000i\000o\000n}{chapter.3}% 12
\BOOKMARK [1][-]{section.3.4}{\376\377\000M\000e\000t\000h\000o\000d\000\040\000o\000f\000\040\000L\000e\000a\000s\000t\000\040\000S\000q\000u\000a\000r\000e\000s\000\040\000P\000l\000a\000n\000a\000r\000\040\000F\000i\000t}{chapter.3}% 13
\BOOKMARK [1][-]{section.3.5}{\376\377\000R\000a\000n\000d\000o\000m\000\040\000S\000a\000m\000p\000l\000e\000\040\000C\000o\000n\000s\000e\000n\000s\000u\000s\000\040\000\050\000R\000A\000N\000S\000A\000C\000\051}{chapter.3}% 14
\BOOKMARK [1][-]{section.3.6}{\376\377\000R\000a\000n\000d\000o\000m\000\040\000D\000e\000c\000i\000s\000i\000o\000n\000\040\000F\000o\000r\000e\000s\000t\000s\000\040\000\050\000R\000D\000F\000\051}{chapter.3}% 15
\BOOKMARK [1][-]{section.3.7}{\376\377\000C\000l\000o\000s\000i\000n\000g\000\040\000S\000t\000a\000t\000e\000m\000e\000n\000t\000s\000\040\000o\000n\000\040\000R\000e\000l\000a\000t\000e\000d\000\040\000W\000o\000r\000k}{chapter.3}% 16
\BOOKMARK [0][-]{chapter.4}{\376\377\000M\000e\000t\000h\000o\000d\000o\000l\000o\000g\000y}{}% 17
\BOOKMARK [1][-]{section.4.1}{\376\377\000O\000v\000e\000r\000v\000i\000e\000w}{chapter.4}% 18
\BOOKMARK [1][-]{section.4.2}{\376\377\000E\000x\000p\000e\000r\000i\000m\000e\000n\000t\000a\000l\000\040\000A\000p\000p\000a\000r\000a\000t\000u\000s\000\040\000S\000e\000t\000u\000p}{chapter.4}% 19
\BOOKMARK [1][-]{section.4.3}{\376\377\000D\000a\000t\000a\000\040\000C\000o\000l\000l\000e\000c\000t\000i\000o\000n}{chapter.4}% 20
\BOOKMARK [1][-]{section.4.4}{\376\377\000D\000a\000t\000a\000\040\000P\000r\000o\000c\000e\000s\000s\000i\000n\000g}{chapter.4}% 21
\BOOKMARK [1][-]{section.4.5}{\376\377\000A\000g\000g\000r\000e\000g\000a\000t\000i\000n\000g\000\040\000P\000o\000i\000n\000t\000\040\000C\000l\000o\000u\000d\000\040\000D\000a\000t\000a}{chapter.4}% 22
\BOOKMARK [1][-]{section.4.6}{\376\377\000T\000r\000a\000i\000n\000i\000n\000g\000\040\000a\000n\000d\000\040\000V\000e\000r\000i\000f\000i\000c\000a\000t\000i\000o\000n\000\040\000D\000a\000t\000a\000\040\000S\000e\000l\000e\000c\000t\000i\000o\000n\000\040\000P\000r\000o\000c\000e\000s\000s}{chapter.4}% 23
\BOOKMARK [1][-]{section.4.7}{\376\377\000F\000e\000a\000t\000u\000r\000e\000\040\000E\000x\000t\000r\000a\000c\000t\000i\000o\000n}{chapter.4}% 24
\BOOKMARK [1][-]{section.4.8}{\376\377\000R\000a\000n\000d\000o\000m\000\040\000D\000e\000c\000i\000s\000i\000o\000n\000\040\000F\000o\000r\000e\000s\000t\000\040\000C\000r\000e\000a\000t\000i\000o\000n}{chapter.4}% 25
\BOOKMARK [1][-]{section.4.9}{\376\377\000R\000a\000n\000d\000o\000m\000\040\000D\000e\000c\000i\000s\000i\000o\000n\000\040\000F\000o\000r\000e\000s\000t\000\040\000T\000e\000s\000t\000i\000n\000g}{chapter.4}% 26
\BOOKMARK [1][-]{section.4.10}{\376\377\000C\000o\000n\000s\000e\000c\000u\000t\000i\000v\000e\000\040\000P\000o\000i\000n\000t\000\040\000C\000l\000o\000u\000d\000\040\000C\000l\000a\000s\000s\000i\000f\000i\000c\000a\000t\000i\000o\000n}{chapter.4}% 27
\BOOKMARK [1][-]{section.4.11}{\376\377\000C\000o\000n\000s\000e\000c\000u\000t\000i\000v\000e\000\040\000P\000o\000i\000n\000t\000\040\000C\000l\000o\000u\000d\000\040\000C\000l\000a\000s\000s\000i\000f\000i\000c\000a\000t\000i\000o\000n\000\040\000S\000c\000o\000r\000i\000n\000g}{chapter.4}% 28
\BOOKMARK [1][-]{section.4.12}{\376\377\000V\000i\000s\000u\000a\000l\000\040\000R\000o\000a\000d\000\040\000D\000e\000t\000e\000c\000t\000i\000o\000n}{chapter.4}% 29
\BOOKMARK [1][-]{section.4.13}{\376\377\000A\000u\000t\000o\000m\000a\000t\000e\000d\000\040\000R\000o\000a\000d\000\040\000D\000e\000t\000e\000c\000t\000i\000o\000n}{chapter.4}% 30
\BOOKMARK [1][-]{section.4.14}{\376\377\000S\000u\000m\000m\000a\000r\000y\000\040\000o\000f\000\040\000M\000e\000t\000h\000o\000d\000s}{chapter.4}% 31
\BOOKMARK [0][-]{chapter.5}{\376\377\000R\000e\000s\000u\000l\000t\000s}{}% 32
\BOOKMARK [1][-]{section.5.1}{\376\377\000T\000r\000a\000i\000n\000i\000n\000g\000\040\000D\000a\000t\000a\000\040\000C\000o\000l\000l\000e\000c\000t\000i\000o\000n}{chapter.5}% 33
\BOOKMARK [1][-]{section.5.2}{\376\377\000P\000a\000r\000s\000e\000\040\000R\000a\000w\000\040\000T\000r\000a\000i\000n\000i\000n\000g\000\040\000D\000a\000t\000a}{chapter.5}% 34
\BOOKMARK [1][-]{section.5.3}{\376\377\000C\000r\000e\000a\000t\000i\000n\000g\000\040\000A\000g\000g\000r\000e\000g\000a\000t\000e\000d\000\040\000P\000o\000i\000n\000t\000\040\000C\000l\000o\000u\000d}{chapter.5}% 35
\BOOKMARK [1][-]{section.5.4}{\376\377\000M\000a\000n\000u\000a\000l\000l\000y\000\040\000D\000e\000f\000i\000n\000i\000n\000g\000\040\000A\000r\000e\000a\000s}{chapter.5}% 36
\BOOKMARK [1][-]{section.5.5}{\376\377\000T\000r\000a\000i\000n\000i\000n\000g\000\040\000D\000a\000t\000a\000\040\000E\000x\000t\000r\000a\000c\000t\000i\000o\000n\000\040\000a\000n\000d\000\040\000E\000x\000a\000m\000i\000n\000a\000t\000i\000o\000n}{chapter.5}% 37
\BOOKMARK [1][-]{section.5.6}{\376\377\000R\000a\000n\000d\000o\000m\000\040\000D\000e\000c\000i\000s\000i\000o\000n\000\040\000F\000o\000r\000e\000s\000t\000\040\000T\000r\000a\000i\000n\000i\000n\000g\000\040\000a\000n\000d\000\040\000V\000e\000r\000i\000f\000i\000c\000a\000t\000i\000o\000n}{chapter.5}% 38
\BOOKMARK [1][-]{section.5.7}{\376\377\000C\000l\000a\000s\000s\000i\000f\000y\000i\000n\000g\000\040\000C\000o\000n\000s\000e\000c\000u\000t\000i\000v\000e\000\040\000S\000c\000a\000n\000n\000i\000n\000g\000\040\000L\000i\000D\000A\000R}{chapter.5}% 39
\BOOKMARK [1][-]{section.5.8}{\376\377\000C\000o\000n\000s\000e\000c\000u\000t\000i\000v\000e\000\040\000S\000c\000a\000n\000n\000i\000n\000g\000\040\000L\000i\000D\000A\000R\000\040\000C\000l\000a\000s\000s\000i\000f\000i\000c\000a\000t\000i\000o\000n\000\040\000S\000c\000o\000r\000i\000n\000g}{chapter.5}% 40
\BOOKMARK [1][-]{section.5.9}{\376\377\000V\000i\000s\000u\000a\000l\000\040\000D\000e\000t\000e\000c\000t\000i\000o\000n\000\040\000o\000f\000\040\000U\000n\000m\000a\000r\000k\000e\000d\000\040\000R\000o\000a\000d\000\040\000S\000u\000r\000f\000a\000c\000e\000s}{chapter.5}% 41
\BOOKMARK [1][-]{section.5.10}{\376\377\000A\000u\000t\000o\000m\000a\000t\000e\000d\000\040\000D\000e\000t\000e\000c\000t\000i\000o\000n\000\040\000o\000f\000\040\000U\000n\000m\000a\000r\000k\000e\000d\000\040\000R\000o\000a\000d\000\040\000S\000u\000r\000f\000a\000c\000e\000s}{chapter.5}% 42
\BOOKMARK [1][-]{section.5.11}{\376\377\000R\000a\000t\000e\000\040\000o\000f\000\040\000C\000l\000a\000s\000s\000i\000f\000i\000c\000a\000t\000i\000o\000n}{chapter.5}% 43
\BOOKMARK [0][-]{chapter.6}{\376\377\000C\000o\000n\000c\000l\000u\000s\000i\000o\000n}{}% 44
